<?xml version="1.0" encoding="UTF-8"?>
<!-- Generated by org.testng.reporters.JUnitXMLReporter -->
<testsuite hostname="LAPTOP-ENTKVJIU" ignored="0" name="Default test" tests="3" failures="1" timestamp="21 May 2018 04:34:40 GMT" time="17.259" errors="0">
  <testcase name="logout" time="0.016" classname="com.org.rayban.DemoTest">
    <failure type="java.lang.StackOverflowError">
      <![CDATA[java.lang.StackOverflowError
at com.org.rayban.DemoTest.logout(DemoTest.java:27)
at com.org.rayban.DemoTest.logout(DemoTest.java:27)
at com.org.rayban.DemoTest.logout(DemoTest.java:27)
at com.org.rayban.DemoTest.logout(DemoTest.java:27)
at com.org.rayban.DemoTest.logout(DemoTest.java:27)
at com.org.rayban.DemoTest.logout(DemoTest.java:27)
at com.org.rayban.DemoTest.logout(DemoTest.java:27)
at com.org.rayban.DemoTest.logout(DemoTest.java:27)
at com.org.rayban.DemoTest.logout(DemoTest.java:27)
at com.org.rayban.DemoTest.logout(DemoTest.java:27)
at com.org.rayban.DemoTest.logout(DemoTest.java:27)
at com.org.rayban.DemoTest.logout(DemoTest.java:27)
at com.org.rayban.DemoTest.logout(DemoTest.java:27)
at com.org.rayban.DemoTest.logout(DemoTest.java:27)
at com.org.rayban.DemoTest.logout(DemoTest.java:27)
at com.org.rayban.DemoTest.logout(DemoTest.java:27)
at com.org.rayban.DemoTest.logout(DemoTest.java:27)
at com.org.rayban.DemoTest.logout(DemoTest.java:27)
at com.org.rayban.DemoTest.logout(DemoTest.java:27)
at com.org.rayban.DemoTest.logout(DemoTest.java:27)
at com.org.rayban.DemoTest.logout(DemoTest.java:27)
at com.org.rayban.DemoTest.logout(DemoTest.java:27)
at com.org.rayban.DemoTest.logout(DemoTest.java:27)
at com.org.rayban.DemoTest.logout(DemoTest.java:27)
at com.org.rayban.DemoTest.logout(DemoTest.java:27)
at com.org.rayban.DemoTest.logout(DemoTest.java:27)
at com.org.rayban.DemoTest.logout(DemoTest.java:27)
at com.org.rayban.DemoTest.logout(DemoTest.java:27)
at com.org.rayban.DemoTest.logout(DemoTest.java:27)
at com.org.rayban.DemoTest.logout(DemoTest.java:27)
at com.org.rayban.DemoTest.logout(DemoTest.java:27)
at com.org.rayban.DemoTest.logout(DemoTest.java:27)
at com.org.rayban.DemoTest.logout(DemoTest.java:27)
at com.org.rayban.DemoTest.logout(DemoTest.java:27)
at com.org.rayban.DemoTest.logout(DemoTest.java:27)
at com.org.rayban.DemoTest.logout(DemoTest.java:27)
at com.org.rayban.DemoTest.logout(DemoTest.java:27)
at com.org.rayban.DemoTest.logout(DemoTest.java:27)
at com.org.rayban.DemoTest.logout(DemoTest.java:27)
at com.org.rayban.DemoTest.logout(DemoTest.java:27)
at com.org.rayban.DemoTest.logout(DemoTest.java:27)
at com.org.rayban.DemoTest.logout(DemoTest.java:27)
at com.org.rayban.DemoTest.logout(DemoTest.java:27)
at com.org.rayban.DemoTest.logout(DemoTest.java:27)
at com.org.rayban.DemoTest.logout(DemoTest.java:27)
at com.org.rayban.DemoTest.logout(DemoTest.java:27)
at com.org.rayban.DemoTest.logout(DemoTest.java:27)
at com.org.rayban.DemoTest.logout(DemoTest.java:27)
at com.org.rayban.DemoTest.logout(DemoTest.java:27)
at com.org.rayban.DemoTest.logout(DemoTest.java:27)
at com.org.rayban.DemoTest.logout(DemoTest.java:27)
at com.org.rayban.DemoTest.logout(DemoTest.java:27)
at com.org.rayban.DemoTest.logout(DemoTest.java:27)
at com.org.rayban.DemoTest.logout(DemoTest.java:27)
at com.org.rayban.DemoTest.logout(DemoTest.java:27)
at com.org.rayban.DemoTest.logout(DemoTest.java:27)
at com.org.rayban.DemoTest.logout(DemoTest.java:27)
at com.org.rayban.DemoTest.logout(DemoTest.java:27)
at com.org.rayban.DemoTest.logout(DemoTest.java:27)
at com.org.rayban.DemoTest.logout(DemoTest.java:27)
at com.org.rayban.DemoTest.logout(DemoTest.java:27)
at com.org.rayban.DemoTest.logout(DemoTest.java:27)
at com.org.rayban.DemoTest.logout(DemoTest.java:27)
at com.org.rayban.DemoTest.logout(DemoTest.java:27)
at com.org.rayban.DemoTest.logout(DemoTest.java:27)
at com.org.rayban.DemoTest.logout(DemoTest.java:27)
at com.org.rayban.DemoTest.logout(DemoTest.java:27)
at com.org.rayban.DemoTest.logout(DemoTest.java:27)
at com.org.rayban.DemoTest.logout(DemoTest.java:27)
at com.org.rayban.DemoTest.logout(DemoTest.java:27)
at com.org.rayban.DemoTest.logout(DemoTest.java:27)
at com.org.rayban.DemoTest.logout(DemoTest.java:27)
at com.org.rayban.DemoTest.logout(DemoTest.java:27)
at com.org.rayban.DemoTest.logout(DemoTest.java:27)
at com.org.rayban.DemoTest.logout(DemoTest.java:27)
at com.org.rayban.DemoTest.logout(DemoTest.java:27)
at com.org.rayban.DemoTest.logout(DemoTest.java:27)
at com.org.rayban.DemoTest.logout(DemoTest.java:27)
at com.org.rayban.DemoTest.logout(DemoTest.java:27)
at com.org.rayban.DemoTest.logout(DemoTest.java:27)
at com.org.rayban.DemoTest.logout(DemoTest.java:27)
at com.org.rayban.DemoTest.logout(DemoTest.java:27)
at com.org.rayban.DemoTest.logout(DemoTest.java:27)
at com.org.rayban.DemoTest.logout(DemoTest.java:27)
at com.org.rayban.DemoTest.logout(DemoTest.java:27)
at com.org.rayban.DemoTest.logout(DemoTest.java:27)
at com.org.rayban.DemoTest.logout(DemoTest.java:27)
at com.org.rayban.DemoTest.logout(DemoTest.java:27)
at com.org.rayban.DemoTest.logout(DemoTest.java:27)
at com.org.rayban.DemoTest.logout(DemoTest.java:27)
at com.org.rayban.DemoTest.logout(DemoTest.java:27)
at com.org.rayban.DemoTest.logout(DemoTest.java:27)
at com.org.rayban.DemoTest.logout(DemoTest.java:27)
at com.org.rayban.DemoTest.logout(DemoTest.java:27)
at com.org.rayban.DemoTest.logout(DemoTest.java:27)
at com.org.rayban.DemoTest.logout(DemoTest.java:27)
at com.org.rayban.DemoTest.logout(DemoTest.java:27)
at com.org.rayban.DemoTest.logout(DemoTest.java:27)
at com.org.rayban.DemoTest.logout(DemoTest.java:27)
at com.org.rayban.DemoTest.logout(DemoTest.java:27)
at com.org.rayban.DemoTest.logout(DemoTest.java:27)
at com.org.rayban.DemoTest.logout(DemoTest.java:27)
at com.org.rayban.DemoTest.logout(DemoTest.java:27)
at com.org.rayban.DemoTest.logout(DemoTest.java:27)
at com.org.rayban.DemoTest.logout(DemoTest.java:27)
at com.org.rayban.DemoTest.logout(DemoTest.java:27)
at com.org.rayban.DemoTest.logout(DemoTest.java:27)
at com.org.rayban.DemoTest.logout(DemoTest.java:27)
at com.org.rayban.DemoTest.logout(DemoTest.java:27)
at com.org.rayban.DemoTest.logout(DemoTest.java:27)
at com.org.rayban.DemoTest.logout(DemoTest.java:27)
at com.org.rayban.DemoTest.logout(DemoTest.java:27)
at com.org.rayban.DemoTest.logout(DemoTest.java:27)
at com.org.rayban.DemoTest.logout(DemoTest.java:27)
at com.org.rayban.DemoTest.logout(DemoTest.java:27)
at com.org.rayban.DemoTest.logout(DemoTest.java:27)
at com.org.rayban.DemoTest.logout(DemoTest.java:27)
at com.org.rayban.DemoTest.logout(DemoTest.java:27)
at com.org.rayban.DemoTest.logout(DemoTest.java:27)
at com.org.rayban.DemoTest.logout(DemoTest.java:27)
at com.org.rayban.DemoTest.logout(DemoTest.java:27)
at com.org.rayban.DemoTest.logout(DemoTest.java:27)
at com.org.rayban.DemoTest.logout(DemoTest.java:27)
at com.org.rayban.DemoTest.logout(DemoTest.java:27)
at com.org.rayban.DemoTest.logout(DemoTest.java:27)
at com.org.rayban.DemoTest.logout(DemoTest.java:27)
at com.org.rayban.DemoTest.logout(DemoTest.java:27)
at com.org.rayban.DemoTest.logout(DemoTest.java:27)
at com.org.rayban.DemoTest.logout(DemoTest.java:27)
at com.org.rayban.DemoTest.logout(DemoTest.java:27)
at com.org.rayban.DemoTest.logout(DemoTest.java:27)
at com.org.rayban.DemoTest.logout(DemoTest.java:27)
at com.org.rayban.DemoTest.logout(DemoTest.java:27)
at com.org.rayban.DemoTest.logout(DemoTest.java:27)
at com.org.rayban.DemoTest.logout(DemoTest.java:27)
at com.org.rayban.DemoTest.logout(DemoTest.java:27)
at com.org.rayban.DemoTest.logout(DemoTest.java:27)
at com.org.rayban.DemoTest.logout(DemoTest.java:27)
at com.org.rayban.DemoTest.logout(DemoTest.java:27)
at com.org.rayban.DemoTest.logout(DemoTest.java:27)
at com.org.rayban.DemoTest.logout(DemoTest.java:27)
at com.org.rayban.DemoTest.logout(DemoTest.java:27)
at com.org.rayban.DemoTest.logout(DemoTest.java:27)
at com.org.rayban.DemoTest.logout(DemoTest.java:27)
at com.org.rayban.DemoTest.logout(DemoTest.java:27)
at com.org.rayban.DemoTest.logout(DemoTest.java:27)
at com.org.rayban.DemoTest.logout(DemoTest.java:27)
at com.org.rayban.DemoTest.logout(DemoTest.java:27)
at com.org.rayban.DemoTest.logout(DemoTest.java:27)
at com.org.rayban.DemoTest.logout(DemoTest.java:27)
at com.org.rayban.DemoTest.logout(DemoTest.java:27)
at com.org.rayban.DemoTest.logout(DemoTest.java:27)
at com.org.rayban.DemoTest.logout(DemoTest.java:27)
at com.org.rayban.DemoTest.logout(DemoTest.java:27)
at com.org.rayban.DemoTest.logout(DemoTest.java:27)
at com.org.rayban.DemoTest.logout(DemoTest.java:27)
at com.org.rayban.DemoTest.logout(DemoTest.java:27)
at com.org.rayban.DemoTest.logout(DemoTest.java:27)
at com.org.rayban.DemoTest.logout(DemoTest.java:27)
at com.org.rayban.DemoTest.logout(DemoTest.java:27)
at com.org.rayban.DemoTest.logout(DemoTest.java:27)
at com.org.rayban.DemoTest.logout(DemoTest.java:27)
at com.org.rayban.DemoTest.logout(DemoTest.java:27)
at com.org.rayban.DemoTest.logout(DemoTest.java:27)
at com.org.rayban.DemoTest.logout(DemoTest.java:27)
at com.org.rayban.DemoTest.logout(DemoTest.java:27)
at com.org.rayban.DemoTest.logout(DemoTest.java:27)
at com.org.rayban.DemoTest.logout(DemoTest.java:27)
at com.org.rayban.DemoTest.logout(DemoTest.java:27)
at com.org.rayban.DemoTest.logout(DemoTest.java:27)
at com.org.rayban.DemoTest.logout(DemoTest.java:27)
at com.org.rayban.DemoTest.logout(DemoTest.java:27)
at com.org.rayban.DemoTest.logout(DemoTest.java:27)
at com.org.rayban.DemoTest.logout(DemoTest.java:27)
at com.org.rayban.DemoTest.logout(DemoTest.java:27)
at com.org.rayban.DemoTest.logout(DemoTest.java:27)
at com.org.rayban.DemoTest.logout(DemoTest.java:27)
at com.org.rayban.DemoTest.logout(DemoTest.java:27)
at com.org.rayban.DemoTest.logout(DemoTest.java:27)
at com.org.rayban.DemoTest.logout(DemoTest.java:27)
at com.org.rayban.DemoTest.logout(DemoTest.java:27)
at com.org.rayban.DemoTest.logout(DemoTest.java:27)
at com.org.rayban.DemoTest.logout(DemoTest.java:27)
at com.org.rayban.DemoTest.logout(DemoTest.java:27)
at com.org.rayban.DemoTest.logout(DemoTest.java:27)
at com.org.rayban.DemoTest.logout(DemoTest.java:27)
at com.org.rayban.DemoTest.logout(DemoTest.java:27)
at com.org.rayban.DemoTest.logout(DemoTest.java:27)
at com.org.rayban.DemoTest.logout(DemoTest.java:27)
at com.org.rayban.DemoTest.logout(DemoTest.java:27)
at com.org.rayban.DemoTest.logout(DemoTest.java:27)
at com.org.rayban.DemoTest.logout(DemoTest.java:27)
at com.org.rayban.DemoTest.logout(DemoTest.java:27)
at com.org.rayban.DemoTest.logout(DemoTest.java:27)
at com.org.rayban.DemoTest.logout(DemoTest.java:27)
at com.org.rayban.DemoTest.logout(DemoTest.java:27)
at com.org.rayban.DemoTest.logout(DemoTest.java:27)
at com.org.rayban.DemoTest.logout(DemoTest.java:27)
at com.org.rayban.DemoTest.logout(DemoTest.java:27)
at com.org.rayban.DemoTest.logout(DemoTest.java:27)
at com.org.rayban.DemoTest.logout(DemoTest.java:27)
at com.org.rayban.DemoTest.logout(DemoTest.java:27)
at com.org.rayban.DemoTest.logout(DemoTest.java:27)
at com.org.rayban.DemoTest.logout(DemoTest.java:27)
at com.org.rayban.DemoTest.logout(DemoTest.java:27)
at com.org.rayban.DemoTest.logout(DemoTest.java:27)
at com.org.rayban.DemoTest.logout(DemoTest.java:27)
at com.org.rayban.DemoTest.logout(DemoTest.java:27)
at com.org.rayban.DemoTest.logout(DemoTest.java:27)
at com.org.rayban.DemoTest.logout(DemoTest.java:27)
at com.org.rayban.DemoTest.logout(DemoTest.java:27)
at com.org.rayban.DemoTest.logout(DemoTest.java:27)
at com.org.rayban.DemoTest.logout(DemoTest.java:27)
at com.org.rayban.DemoTest.logout(DemoTest.java:27)
at com.org.rayban.DemoTest.logout(DemoTest.java:27)
at com.org.rayban.DemoTest.logout(DemoTest.java:27)
at com.org.rayban.DemoTest.logout(DemoTest.java:27)
at com.org.rayban.DemoTest.logout(DemoTest.java:27)
at com.org.rayban.DemoTest.logout(DemoTest.java:27)
at com.org.rayban.DemoTest.logout(DemoTest.java:27)
at com.org.rayban.DemoTest.logout(DemoTest.java:27)
at com.org.rayban.DemoTest.logout(DemoTest.java:27)
at com.org.rayban.DemoTest.logout(DemoTest.java:27)
at com.org.rayban.DemoTest.logout(DemoTest.java:27)
at com.org.rayban.DemoTest.logout(DemoTest.java:27)
at com.org.rayban.DemoTest.logout(DemoTest.java:27)
at com.org.rayban.DemoTest.logout(DemoTest.java:27)
at com.org.rayban.DemoTest.logout(DemoTest.java:27)
at com.org.rayban.DemoTest.logout(DemoTest.java:27)
at com.org.rayban.DemoTest.logout(DemoTest.java:27)
at com.org.rayban.DemoTest.logout(DemoTest.java:27)
at com.org.rayban.DemoTest.logout(DemoTest.java:27)
at com.org.rayban.DemoTest.logout(DemoTest.java:27)
at com.org.rayban.DemoTest.logout(DemoTest.java:27)
at com.org.rayban.DemoTest.logout(DemoTest.java:27)
at com.org.rayban.DemoTest.logout(DemoTest.java:27)
at com.org.rayban.DemoTest.logout(DemoTest.java:27)
at com.org.rayban.DemoTest.logout(DemoTest.java:27)
at com.org.rayban.DemoTest.logout(DemoTest.java:27)
at com.org.rayban.DemoTest.logout(DemoTest.java:27)
at com.org.rayban.DemoTest.logout(DemoTest.java:27)
at com.org.rayban.DemoTest.logout(DemoTest.java:27)
at com.org.rayban.DemoTest.logout(DemoTest.java:27)
at com.org.rayban.DemoTest.logout(DemoTest.java:27)
at com.org.rayban.DemoTest.logout(DemoTest.java:27)
at com.org.rayban.DemoTest.logout(DemoTest.java:27)
at com.org.rayban.DemoTest.logout(DemoTest.java:27)
at com.org.rayban.DemoTest.logout(DemoTest.java:27)
at com.org.rayban.DemoTest.logout(DemoTest.java:27)
at com.org.rayban.DemoTest.logout(DemoTest.java:27)
at com.org.rayban.DemoTest.logout(DemoTest.java:27)
at com.org.rayban.DemoTest.logout(DemoTest.java:27)
at com.org.rayban.DemoTest.logout(DemoTest.java:27)
at com.org.rayban.DemoTest.logout(DemoTest.java:27)
at com.org.rayban.DemoTest.logout(DemoTest.java:27)
at com.org.rayban.DemoTest.logout(DemoTest.java:27)
at com.org.rayban.DemoTest.logout(DemoTest.java:27)
at com.org.rayban.DemoTest.logout(DemoTest.java:27)
at com.org.rayban.DemoTest.logout(DemoTest.java:27)
at com.org.rayban.DemoTest.logout(DemoTest.java:27)
at com.org.rayban.DemoTest.logout(DemoTest.java:27)
at com.org.rayban.DemoTest.logout(DemoTest.java:27)
at com.org.rayban.DemoTest.logout(DemoTest.java:27)
at com.org.rayban.DemoTest.logout(DemoTest.java:27)
at com.org.rayban.DemoTest.logout(DemoTest.java:27)
at com.org.rayban.DemoTest.logout(DemoTest.java:27)
at com.org.rayban.DemoTest.logout(DemoTest.java:27)
at com.org.rayban.DemoTest.logout(DemoTest.java:27)
at com.org.rayban.DemoTest.logout(DemoTest.java:27)
at com.org.rayban.DemoTest.logout(DemoTest.java:27)
at com.org.rayban.DemoTest.logout(DemoTest.java:27)
at com.org.rayban.DemoTest.logout(DemoTest.java:27)
at com.org.rayban.DemoTest.logout(DemoTest.java:27)
at com.org.rayban.DemoTest.logout(DemoTest.java:27)
at com.org.rayban.DemoTest.logout(DemoTest.java:27)
at com.org.rayban.DemoTest.logout(DemoTest.java:27)
at com.org.rayban.DemoTest.logout(DemoTest.java:27)
at com.org.rayban.DemoTest.logout(DemoTest.java:27)
at com.org.rayban.DemoTest.logout(DemoTest.java:27)
at com.org.rayban.DemoTest.logout(DemoTest.java:27)
at com.org.rayban.DemoTest.logout(DemoTest.java:27)
at com.org.rayban.DemoTest.logout(DemoTest.java:27)
at com.org.rayban.DemoTest.logout(DemoTest.java:27)
at com.org.rayban.DemoTest.logout(DemoTest.java:27)
at com.org.rayban.DemoTest.logout(DemoTest.java:27)
at com.org.rayban.DemoTest.logout(DemoTest.java:27)
at com.org.rayban.DemoTest.logout(DemoTest.java:27)
at com.org.rayban.DemoTest.logout(DemoTest.java:27)
at com.org.rayban.DemoTest.logout(DemoTest.java:27)
at com.org.rayban.DemoTest.logout(DemoTest.java:27)
at com.org.rayban.DemoTest.logout(DemoTest.java:27)
at com.org.rayban.DemoTest.logout(DemoTest.java:27)
at com.org.rayban.DemoTest.logout(DemoTest.java:27)
at com.org.rayban.DemoTest.logout(DemoTest.java:27)
at com.org.rayban.DemoTest.logout(DemoTest.java:27)
at com.org.rayban.DemoTest.logout(DemoTest.java:27)
at com.org.rayban.DemoTest.logout(DemoTest.java:27)
at com.org.rayban.DemoTest.logout(DemoTest.java:27)
at com.org.rayban.DemoTest.logout(DemoTest.java:27)
at com.org.rayban.DemoTest.logout(DemoTest.java:27)
at com.org.rayban.DemoTest.logout(DemoTest.java:27)
at com.org.rayban.DemoTest.logout(DemoTest.java:27)
at com.org.rayban.DemoTest.logout(DemoTest.java:27)
at com.org.rayban.DemoTest.logout(DemoTest.java:27)
at com.org.rayban.DemoTest.logout(DemoTest.java:27)
at com.org.rayban.DemoTest.logout(DemoTest.java:27)
at com.org.rayban.DemoTest.logout(DemoTest.java:27)
at com.org.rayban.DemoTest.logout(DemoTest.java:27)
at com.org.rayban.DemoTest.logout(DemoTest.java:27)
at com.org.rayban.DemoTest.logout(DemoTest.java:27)
at com.org.rayban.DemoTest.logout(DemoTest.java:27)
at com.org.rayban.DemoTest.logout(DemoTest.java:27)
at com.org.rayban.DemoTest.logout(DemoTest.java:27)
at com.org.rayban.DemoTest.logout(DemoTest.java:27)
at com.org.rayban.DemoTest.logout(DemoTest.java:27)
at com.org.rayban.DemoTest.logout(DemoTest.java:27)
at com.org.rayban.DemoTest.logout(DemoTest.java:27)
at com.org.rayban.DemoTest.logout(DemoTest.java:27)
at com.org.rayban.DemoTest.logout(DemoTest.java:27)
at com.org.rayban.DemoTest.logout(DemoTest.java:27)
at com.org.rayban.DemoTest.logout(DemoTest.java:27)
at com.org.rayban.DemoTest.logout(DemoTest.java:27)
at com.org.rayban.DemoTest.logout(DemoTest.java:27)
at com.org.rayban.DemoTest.logout(DemoTest.java:27)
at com.org.rayban.DemoTest.logout(DemoTest.java:27)
at com.org.rayban.DemoTest.logout(DemoTest.java:27)
at com.org.rayban.DemoTest.logout(DemoTest.java:27)
at com.org.rayban.DemoTest.logout(DemoTest.java:27)
at com.org.rayban.DemoTest.logout(DemoTest.java:27)
at com.org.rayban.DemoTest.logout(DemoTest.java:27)
at com.org.rayban.DemoTest.logout(DemoTest.java:27)
at com.org.rayban.DemoTest.logout(DemoTest.java:27)
at com.org.rayban.DemoTest.logout(DemoTest.java:27)
at com.org.rayban.DemoTest.logout(DemoTest.java:27)
at com.org.rayban.DemoTest.logout(DemoTest.java:27)
at com.org.rayban.DemoTest.logout(DemoTest.java:27)
at com.org.rayban.DemoTest.logout(DemoTest.java:27)
at com.org.rayban.DemoTest.logout(DemoTest.java:27)
at com.org.rayban.DemoTest.logout(DemoTest.java:27)
at com.org.rayban.DemoTest.logout(DemoTest.java:27)
at com.org.rayban.DemoTest.logout(DemoTest.java:27)
at com.org.rayban.DemoTest.logout(DemoTest.java:27)
at com.org.rayban.DemoTest.logout(DemoTest.java:27)
at com.org.rayban.DemoTest.logout(DemoTest.java:27)
at com.org.rayban.DemoTest.logout(DemoTest.java:27)
at com.org.rayban.DemoTest.logout(DemoTest.java:27)
at com.org.rayban.DemoTest.logout(DemoTest.java:27)
at com.org.rayban.DemoTest.logout(DemoTest.java:27)
at com.org.rayban.DemoTest.logout(DemoTest.java:27)
at com.org.rayban.DemoTest.logout(DemoTest.java:27)
at com.org.rayban.DemoTest.logout(DemoTest.java:27)
at com.org.rayban.DemoTest.logout(DemoTest.java:27)
at com.org.rayban.DemoTest.logout(DemoTest.java:27)
at com.org.rayban.DemoTest.logout(DemoTest.java:27)
at com.org.rayban.DemoTest.logout(DemoTest.java:27)
at com.org.rayban.DemoTest.logout(DemoTest.java:27)
at com.org.rayban.DemoTest.logout(DemoTest.java:27)
at com.org.rayban.DemoTest.logout(DemoTest.java:27)
at com.org.rayban.DemoTest.logout(DemoTest.java:27)
at com.org.rayban.DemoTest.logout(DemoTest.java:27)
at com.org.rayban.DemoTest.logout(DemoTest.java:27)
at com.org.rayban.DemoTest.logout(DemoTest.java:27)
at com.org.rayban.DemoTest.logout(DemoTest.java:27)
at com.org.rayban.DemoTest.logout(DemoTest.java:27)
at com.org.rayban.DemoTest.logout(DemoTest.java:27)
at com.org.rayban.DemoTest.logout(DemoTest.java:27)
at com.org.rayban.DemoTest.logout(DemoTest.java:27)
at com.org.rayban.DemoTest.logout(DemoTest.java:27)
at com.org.rayban.DemoTest.logout(DemoTest.java:27)
at com.org.rayban.DemoTest.logout(DemoTest.java:27)
at com.org.rayban.DemoTest.logout(DemoTest.java:27)
at com.org.rayban.DemoTest.logout(DemoTest.java:27)
at com.org.rayban.DemoTest.logout(DemoTest.java:27)
at com.org.rayban.DemoTest.logout(DemoTest.java:27)
at com.org.rayban.DemoTest.logout(DemoTest.java:27)
at com.org.rayban.DemoTest.logout(DemoTest.java:27)
at com.org.rayban.DemoTest.logout(DemoTest.java:27)
at com.org.rayban.DemoTest.logout(DemoTest.java:27)
at com.org.rayban.DemoTest.logout(DemoTest.java:27)
at com.org.rayban.DemoTest.logout(DemoTest.java:27)
at com.org.rayban.DemoTest.logout(DemoTest.java:27)
at com.org.rayban.DemoTest.logout(DemoTest.java:27)
at com.org.rayban.DemoTest.logout(DemoTest.java:27)
at com.org.rayban.DemoTest.logout(DemoTest.java:27)
at com.org.rayban.DemoTest.logout(DemoTest.java:27)
at com.org.rayban.DemoTest.logout(DemoTest.java:27)
at com.org.rayban.DemoTest.logout(DemoTest.java:27)
at com.org.rayban.DemoTest.logout(DemoTest.java:27)
at com.org.rayban.DemoTest.logout(DemoTest.java:27)
at com.org.rayban.DemoTest.logout(DemoTest.java:27)
at com.org.rayban.DemoTest.logout(DemoTest.java:27)
at com.org.rayban.DemoTest.logout(DemoTest.java:27)
at com.org.rayban.DemoTest.logout(DemoTest.java:27)
at com.org.rayban.DemoTest.logout(DemoTest.java:27)
at com.org.rayban.DemoTest.logout(DemoTest.java:27)
at com.org.rayban.DemoTest.logout(DemoTest.java:27)
at com.org.rayban.DemoTest.logout(DemoTest.java:27)
at com.org.rayban.DemoTest.logout(DemoTest.java:27)
at com.org.rayban.DemoTest.logout(DemoTest.java:27)
at com.org.rayban.DemoTest.logout(DemoTest.java:27)
at com.org.rayban.DemoTest.logout(DemoTest.java:27)
at com.org.rayban.DemoTest.logout(DemoTest.java:27)
at com.org.rayban.DemoTest.logout(DemoTest.java:27)
at com.org.rayban.DemoTest.logout(DemoTest.java:27)
at com.org.rayban.DemoTest.logout(DemoTest.java:27)
at com.org.rayban.DemoTest.logout(DemoTest.java:27)
at com.org.rayban.DemoTest.logout(DemoTest.java:27)
at com.org.rayban.DemoTest.logout(DemoTest.java:27)
at com.org.rayban.DemoTest.logout(DemoTest.java:27)
at com.org.rayban.DemoTest.logout(DemoTest.java:27)
at com.org.rayban.DemoTest.logout(DemoTest.java:27)
at com.org.rayban.DemoTest.logout(DemoTest.java:27)
at com.org.rayban.DemoTest.logout(DemoTest.java:27)
at com.org.rayban.DemoTest.logout(DemoTest.java:27)
at com.org.rayban.DemoTest.logout(DemoTest.java:27)
at com.org.rayban.DemoTest.logout(DemoTest.java:27)
at com.org.rayban.DemoTest.logout(DemoTest.java:27)
at com.org.rayban.DemoTest.logout(DemoTest.java:27)
at com.org.rayban.DemoTest.logout(DemoTest.java:27)
at com.org.rayban.DemoTest.logout(DemoTest.java:27)
at com.org.rayban.DemoTest.logout(DemoTest.java:27)
at com.org.rayban.DemoTest.logout(DemoTest.java:27)
at com.org.rayban.DemoTest.logout(DemoTest.java:27)
at com.org.rayban.DemoTest.logout(DemoTest.java:27)
at com.org.rayban.DemoTest.logout(DemoTest.java:27)
at com.org.rayban.DemoTest.logout(DemoTest.java:27)
at com.org.rayban.DemoTest.logout(DemoTest.java:27)
at com.org.rayban.DemoTest.logout(DemoTest.java:27)
at com.org.rayban.DemoTest.logout(DemoTest.java:27)
at com.org.rayban.DemoTest.logout(DemoTest.java:27)
at com.org.rayban.DemoTest.logout(DemoTest.java:27)
at com.org.rayban.DemoTest.logout(DemoTest.java:27)
at com.org.rayban.DemoTest.logout(DemoTest.java:27)
at com.org.rayban.DemoTest.logout(DemoTest.java:27)
at com.org.rayban.DemoTest.logout(DemoTest.java:27)
at com.org.rayban.DemoTest.logout(DemoTest.java:27)
at com.org.rayban.DemoTest.logout(DemoTest.java:27)
at com.org.rayban.DemoTest.logout(DemoTest.java:27)
at com.org.rayban.DemoTest.logout(DemoTest.java:27)
at com.org.rayban.DemoTest.logout(DemoTest.java:27)
at com.org.rayban.DemoTest.logout(DemoTest.java:27)
at com.org.rayban.DemoTest.logout(DemoTest.java:27)
at com.org.rayban.DemoTest.logout(DemoTest.java:27)
at com.org.rayban.DemoTest.logout(DemoTest.java:27)
at com.org.rayban.DemoTest.logout(DemoTest.java:27)
at com.org.rayban.DemoTest.logout(DemoTest.java:27)
at com.org.rayban.DemoTest.logout(DemoTest.java:27)
at com.org.rayban.DemoTest.logout(DemoTest.java:27)
at com.org.rayban.DemoTest.logout(DemoTest.java:27)
at com.org.rayban.DemoTest.logout(DemoTest.java:27)
at com.org.rayban.DemoTest.logout(DemoTest.java:27)
at com.org.rayban.DemoTest.logout(DemoTest.java:27)
at com.org.rayban.DemoTest.logout(DemoTest.java:27)
at com.org.rayban.DemoTest.logout(DemoTest.java:27)
at com.org.rayban.DemoTest.logout(DemoTest.java:27)
at com.org.rayban.DemoTest.logout(DemoTest.java:27)
at com.org.rayban.DemoTest.logout(DemoTest.java:27)
at com.org.rayban.DemoTest.logout(DemoTest.java:27)
at com.org.rayban.DemoTest.logout(DemoTest.java:27)
at com.org.rayban.DemoTest.logout(DemoTest.java:27)
at com.org.rayban.DemoTest.logout(DemoTest.java:27)
at com.org.rayban.DemoTest.logout(DemoTest.java:27)
at com.org.rayban.DemoTest.logout(DemoTest.java:27)
at com.org.rayban.DemoTest.logout(DemoTest.java:27)
at com.org.rayban.DemoTest.logout(DemoTest.java:27)
at com.org.rayban.DemoTest.logout(DemoTest.java:27)
at com.org.rayban.DemoTest.logout(DemoTest.java:27)
at com.org.rayban.DemoTest.logout(DemoTest.java:27)
at com.org.rayban.DemoTest.logout(DemoTest.java:27)
at com.org.rayban.DemoTest.logout(DemoTest.java:27)
at com.org.rayban.DemoTest.logout(DemoTest.java:27)
at com.org.rayban.DemoTest.logout(DemoTest.java:27)
at com.org.rayban.DemoTest.logout(DemoTest.java:27)
at com.org.rayban.DemoTest.logout(DemoTest.java:27)
at com.org.rayban.DemoTest.logout(DemoTest.java:27)
at com.org.rayban.DemoTest.logout(DemoTest.java:27)
at com.org.rayban.DemoTest.logout(DemoTest.java:27)
at com.org.rayban.DemoTest.logout(DemoTest.java:27)
at com.org.rayban.DemoTest.logout(DemoTest.java:27)
at com.org.rayban.DemoTest.logout(DemoTest.java:27)
at com.org.rayban.DemoTest.logout(DemoTest.java:27)
at com.org.rayban.DemoTest.logout(DemoTest.java:27)
at com.org.rayban.DemoTest.logout(DemoTest.java:27)
at com.org.rayban.DemoTest.logout(DemoTest.java:27)
at com.org.rayban.DemoTest.logout(DemoTest.java:27)
at com.org.rayban.DemoTest.logout(DemoTest.java:27)
at com.org.rayban.DemoTest.logout(DemoTest.java:27)
at com.org.rayban.DemoTest.logout(DemoTest.java:27)
at com.org.rayban.DemoTest.logout(DemoTest.java:27)
at com.org.rayban.DemoTest.logout(DemoTest.java:27)
at com.org.rayban.DemoTest.logout(DemoTest.java:27)
at com.org.rayban.DemoTest.logout(DemoTest.java:27)
at com.org.rayban.DemoTest.logout(DemoTest.java:27)
at com.org.rayban.DemoTest.logout(DemoTest.java:27)
at com.org.rayban.DemoTest.logout(DemoTest.java:27)
at com.org.rayban.DemoTest.logout(DemoTest.java:27)
at com.org.rayban.DemoTest.logout(DemoTest.java:27)
at com.org.rayban.DemoTest.logout(DemoTest.java:27)
at com.org.rayban.DemoTest.logout(DemoTest.java:27)
at com.org.rayban.DemoTest.logout(DemoTest.java:27)
at com.org.rayban.DemoTest.logout(DemoTest.java:27)
at com.org.rayban.DemoTest.logout(DemoTest.java:27)
at com.org.rayban.DemoTest.logout(DemoTest.java:27)
at com.org.rayban.DemoTest.logout(DemoTest.java:27)
at com.org.rayban.DemoTest.logout(DemoTest.java:27)
at com.org.rayban.DemoTest.logout(DemoTest.java:27)
at com.org.rayban.DemoTest.logout(DemoTest.java:27)
at com.org.rayban.DemoTest.logout(DemoTest.java:27)
at com.org.rayban.DemoTest.logout(DemoTest.java:27)
at com.org.rayban.DemoTest.logout(DemoTest.java:27)
at com.org.rayban.DemoTest.logout(DemoTest.java:27)
at com.org.rayban.DemoTest.logout(DemoTest.java:27)
at com.org.rayban.DemoTest.logout(DemoTest.java:27)
at com.org.rayban.DemoTest.logout(DemoTest.java:27)
at com.org.rayban.DemoTest.logout(DemoTest.java:27)
at com.org.rayban.DemoTest.logout(DemoTest.java:27)
at com.org.rayban.DemoTest.logout(DemoTest.java:27)
at com.org.rayban.DemoTest.logout(DemoTest.java:27)
at com.org.rayban.DemoTest.logout(DemoTest.java:27)
at com.org.rayban.DemoTest.logout(DemoTest.java:27)
at com.org.rayban.DemoTest.logout(DemoTest.java:27)
at com.org.rayban.DemoTest.logout(DemoTest.java:27)
at com.org.rayban.DemoTest.logout(DemoTest.java:27)
at com.org.rayban.DemoTest.logout(DemoTest.java:27)
at com.org.rayban.DemoTest.logout(DemoTest.java:27)
at com.org.rayban.DemoTest.logout(DemoTest.java:27)
at com.org.rayban.DemoTest.logout(DemoTest.java:27)
at com.org.rayban.DemoTest.logout(DemoTest.java:27)
at com.org.rayban.DemoTest.logout(DemoTest.java:27)
at com.org.rayban.DemoTest.logout(DemoTest.java:27)
at com.org.rayban.DemoTest.logout(DemoTest.java:27)
at com.org.rayban.DemoTest.logout(DemoTest.java:27)
at com.org.rayban.DemoTest.logout(DemoTest.java:27)
at com.org.rayban.DemoTest.logout(DemoTest.java:27)
at com.org.rayban.DemoTest.logout(DemoTest.java:27)
at com.org.rayban.DemoTest.logout(DemoTest.java:27)
at com.org.rayban.DemoTest.logout(DemoTest.java:27)
at com.org.rayban.DemoTest.logout(DemoTest.java:27)
at com.org.rayban.DemoTest.logout(DemoTest.java:27)
at com.org.rayban.DemoTest.logout(DemoTest.java:27)
at com.org.rayban.DemoTest.logout(DemoTest.java:27)
at com.org.rayban.DemoTest.logout(DemoTest.java:27)
at com.org.rayban.DemoTest.logout(DemoTest.java:27)
at com.org.rayban.DemoTest.logout(DemoTest.java:27)
at com.org.rayban.DemoTest.logout(DemoTest.java:27)
at com.org.rayban.DemoTest.logout(DemoTest.java:27)
at com.org.rayban.DemoTest.logout(DemoTest.java:27)
at com.org.rayban.DemoTest.logout(DemoTest.java:27)
at com.org.rayban.DemoTest.logout(DemoTest.java:27)
at com.org.rayban.DemoTest.logout(DemoTest.java:27)
at com.org.rayban.DemoTest.logout(DemoTest.java:27)
at com.org.rayban.DemoTest.logout(DemoTest.java:27)
at com.org.rayban.DemoTest.logout(DemoTest.java:27)
at com.org.rayban.DemoTest.logout(DemoTest.java:27)
at com.org.rayban.DemoTest.logout(DemoTest.java:27)
at com.org.rayban.DemoTest.logout(DemoTest.java:27)
at com.org.rayban.DemoTest.logout(DemoTest.java:27)
at com.org.rayban.DemoTest.logout(DemoTest.java:27)
at com.org.rayban.DemoTest.logout(DemoTest.java:27)
at com.org.rayban.DemoTest.logout(DemoTest.java:27)
at com.org.rayban.DemoTest.logout(DemoTest.java:27)
at com.org.rayban.DemoTest.logout(DemoTest.java:27)
at com.org.rayban.DemoTest.logout(DemoTest.java:27)
at com.org.rayban.DemoTest.logout(DemoTest.java:27)
at com.org.rayban.DemoTest.logout(DemoTest.java:27)
at com.org.rayban.DemoTest.logout(DemoTest.java:27)
at com.org.rayban.DemoTest.logout(DemoTest.java:27)
at com.org.rayban.DemoTest.logout(DemoTest.java:27)
at com.org.rayban.DemoTest.logout(DemoTest.java:27)
at com.org.rayban.DemoTest.logout(DemoTest.java:27)
at com.org.rayban.DemoTest.logout(DemoTest.java:27)
at com.org.rayban.DemoTest.logout(DemoTest.java:27)
at com.org.rayban.DemoTest.logout(DemoTest.java:27)
at com.org.rayban.DemoTest.logout(DemoTest.java:27)
at com.org.rayban.DemoTest.logout(DemoTest.java:27)
at com.org.rayban.DemoTest.logout(DemoTest.java:27)
at com.org.rayban.DemoTest.logout(DemoTest.java:27)
at com.org.rayban.DemoTest.logout(DemoTest.java:27)
at com.org.rayban.DemoTest.logout(DemoTest.java:27)
at com.org.rayban.DemoTest.logout(DemoTest.java:27)
at com.org.rayban.DemoTest.logout(DemoTest.java:27)
at com.org.rayban.DemoTest.logout(DemoTest.java:27)
at com.org.rayban.DemoTest.logout(DemoTest.java:27)
at com.org.rayban.DemoTest.logout(DemoTest.java:27)
at com.org.rayban.DemoTest.logout(DemoTest.java:27)
at com.org.rayban.DemoTest.logout(DemoTest.java:27)
at com.org.rayban.DemoTest.logout(DemoTest.java:27)
at com.org.rayban.DemoTest.logout(DemoTest.java:27)
at com.org.rayban.DemoTest.logout(DemoTest.java:27)
at com.org.rayban.DemoTest.logout(DemoTest.java:27)
at com.org.rayban.DemoTest.logout(DemoTest.java:27)
at com.org.rayban.DemoTest.logout(DemoTest.java:27)
at com.org.rayban.DemoTest.logout(DemoTest.java:27)
at com.org.rayban.DemoTest.logout(DemoTest.java:27)
at com.org.rayban.DemoTest.logout(DemoTest.java:27)
at com.org.rayban.DemoTest.logout(DemoTest.java:27)
at com.org.rayban.DemoTest.logout(DemoTest.java:27)
at com.org.rayban.DemoTest.logout(DemoTest.java:27)
at com.org.rayban.DemoTest.logout(DemoTest.java:27)
at com.org.rayban.DemoTest.logout(DemoTest.java:27)
at com.org.rayban.DemoTest.logout(DemoTest.java:27)
at com.org.rayban.DemoTest.logout(DemoTest.java:27)
at com.org.rayban.DemoTest.logout(DemoTest.java:27)
at com.org.rayban.DemoTest.logout(DemoTest.java:27)
at com.org.rayban.DemoTest.logout(DemoTest.java:27)
at com.org.rayban.DemoTest.logout(DemoTest.java:27)
at com.org.rayban.DemoTest.logout(DemoTest.java:27)
at com.org.rayban.DemoTest.logout(DemoTest.java:27)
at com.org.rayban.DemoTest.logout(DemoTest.java:27)
at com.org.rayban.DemoTest.logout(DemoTest.java:27)
at com.org.rayban.DemoTest.logout(DemoTest.java:27)
at com.org.rayban.DemoTest.logout(DemoTest.java:27)
at com.org.rayban.DemoTest.logout(DemoTest.java:27)
at com.org.rayban.DemoTest.logout(DemoTest.java:27)
at com.org.rayban.DemoTest.logout(DemoTest.java:27)
at com.org.rayban.DemoTest.logout(DemoTest.java:27)
at com.org.rayban.DemoTest.logout(DemoTest.java:27)
at com.org.rayban.DemoTest.logout(DemoTest.java:27)
at com.org.rayban.DemoTest.logout(DemoTest.java:27)
at com.org.rayban.DemoTest.logout(DemoTest.java:27)
at com.org.rayban.DemoTest.logout(DemoTest.java:27)
at com.org.rayban.DemoTest.logout(DemoTest.java:27)
at com.org.rayban.DemoTest.logout(DemoTest.java:27)
at com.org.rayban.DemoTest.logout(DemoTest.java:27)
at com.org.rayban.DemoTest.logout(DemoTest.java:27)
at com.org.rayban.DemoTest.logout(DemoTest.java:27)
at com.org.rayban.DemoTest.logout(DemoTest.java:27)
at com.org.rayban.DemoTest.logout(DemoTest.java:27)
at com.org.rayban.DemoTest.logout(DemoTest.java:27)
at com.org.rayban.DemoTest.logout(DemoTest.java:27)
at com.org.rayban.DemoTest.logout(DemoTest.java:27)
at com.org.rayban.DemoTest.logout(DemoTest.java:27)
at com.org.rayban.DemoTest.logout(DemoTest.java:27)
at com.org.rayban.DemoTest.logout(DemoTest.java:27)
at com.org.rayban.DemoTest.logout(DemoTest.java:27)
at com.org.rayban.DemoTest.logout(DemoTest.java:27)
at com.org.rayban.DemoTest.logout(DemoTest.java:27)
at com.org.rayban.DemoTest.logout(DemoTest.java:27)
at com.org.rayban.DemoTest.logout(DemoTest.java:27)
at com.org.rayban.DemoTest.logout(DemoTest.java:27)
at com.org.rayban.DemoTest.logout(DemoTest.java:27)
at com.org.rayban.DemoTest.logout(DemoTest.java:27)
at com.org.rayban.DemoTest.logout(DemoTest.java:27)
at com.org.rayban.DemoTest.logout(DemoTest.java:27)
at com.org.rayban.DemoTest.logout(DemoTest.java:27)
at com.org.rayban.DemoTest.logout(DemoTest.java:27)
at com.org.rayban.DemoTest.logout(DemoTest.java:27)
at com.org.rayban.DemoTest.logout(DemoTest.java:27)
at com.org.rayban.DemoTest.logout(DemoTest.java:27)
at com.org.rayban.DemoTest.logout(DemoTest.java:27)
at com.org.rayban.DemoTest.logout(DemoTest.java:27)
at com.org.rayban.DemoTest.logout(DemoTest.java:27)
at com.org.rayban.DemoTest.logout(DemoTest.java:27)
at com.org.rayban.DemoTest.logout(DemoTest.java:27)
at com.org.rayban.DemoTest.logout(DemoTest.java:27)
at com.org.rayban.DemoTest.logout(DemoTest.java:27)
at com.org.rayban.DemoTest.logout(DemoTest.java:27)
at com.org.rayban.DemoTest.logout(DemoTest.java:27)
at com.org.rayban.DemoTest.logout(DemoTest.java:27)
at com.org.rayban.DemoTest.logout(DemoTest.java:27)
at com.org.rayban.DemoTest.logout(DemoTest.java:27)
at com.org.rayban.DemoTest.logout(DemoTest.java:27)
at com.org.rayban.DemoTest.logout(DemoTest.java:27)
at com.org.rayban.DemoTest.logout(DemoTest.java:27)
at com.org.rayban.DemoTest.logout(DemoTest.java:27)
at com.org.rayban.DemoTest.logout(DemoTest.java:27)
at com.org.rayban.DemoTest.logout(DemoTest.java:27)
at com.org.rayban.DemoTest.logout(DemoTest.java:27)
at com.org.rayban.DemoTest.logout(DemoTest.java:27)
at com.org.rayban.DemoTest.logout(DemoTest.java:27)
at com.org.rayban.DemoTest.logout(DemoTest.java:27)
at com.org.rayban.DemoTest.logout(DemoTest.java:27)
at com.org.rayban.DemoTest.logout(DemoTest.java:27)
at com.org.rayban.DemoTest.logout(DemoTest.java:27)
at com.org.rayban.DemoTest.logout(DemoTest.java:27)
at com.org.rayban.DemoTest.logout(DemoTest.java:27)
at com.org.rayban.DemoTest.logout(DemoTest.java:27)
at com.org.rayban.DemoTest.logout(DemoTest.java:27)
at com.org.rayban.DemoTest.logout(DemoTest.java:27)
at com.org.rayban.DemoTest.logout(DemoTest.java:27)
at com.org.rayban.DemoTest.logout(DemoTest.java:27)
at com.org.rayban.DemoTest.logout(DemoTest.java:27)
at com.org.rayban.DemoTest.logout(DemoTest.java:27)
at com.org.rayban.DemoTest.logout(DemoTest.java:27)
at com.org.rayban.DemoTest.logout(DemoTest.java:27)
at com.org.rayban.DemoTest.logout(DemoTest.java:27)
at com.org.rayban.DemoTest.logout(DemoTest.java:27)
at com.org.rayban.DemoTest.logout(DemoTest.java:27)
at com.org.rayban.DemoTest.logout(DemoTest.java:27)
at com.org.rayban.DemoTest.logout(DemoTest.java:27)
at com.org.rayban.DemoTest.logout(DemoTest.java:27)
at com.org.rayban.DemoTest.logout(DemoTest.java:27)
at com.org.rayban.DemoTest.logout(DemoTest.java:27)
at com.org.rayban.DemoTest.logout(DemoTest.java:27)
at com.org.rayban.DemoTest.logout(DemoTest.java:27)
at com.org.rayban.DemoTest.logout(DemoTest.java:27)
at com.org.rayban.DemoTest.logout(DemoTest.java:27)
at com.org.rayban.DemoTest.logout(DemoTest.java:27)
at com.org.rayban.DemoTest.logout(DemoTest.java:27)
at com.org.rayban.DemoTest.logout(DemoTest.java:27)
at com.org.rayban.DemoTest.logout(DemoTest.java:27)
at com.org.rayban.DemoTest.logout(DemoTest.java:27)
at com.org.rayban.DemoTest.logout(DemoTest.java:27)
at com.org.rayban.DemoTest.logout(DemoTest.java:27)
at com.org.rayban.DemoTest.logout(DemoTest.java:27)
at com.org.rayban.DemoTest.logout(DemoTest.java:27)
at com.org.rayban.DemoTest.logout(DemoTest.java:27)
at com.org.rayban.DemoTest.logout(DemoTest.java:27)
at com.org.rayban.DemoTest.logout(DemoTest.java:27)
at com.org.rayban.DemoTest.logout(DemoTest.java:27)
at com.org.rayban.DemoTest.logout(DemoTest.java:27)
at com.org.rayban.DemoTest.logout(DemoTest.java:27)
at com.org.rayban.DemoTest.logout(DemoTest.java:27)
at com.org.rayban.DemoTest.logout(DemoTest.java:27)
at com.org.rayban.DemoTest.logout(DemoTest.java:27)
at com.org.rayban.DemoTest.logout(DemoTest.java:27)
at com.org.rayban.DemoTest.logout(DemoTest.java:27)
at com.org.rayban.DemoTest.logout(DemoTest.java:27)
at com.org.rayban.DemoTest.logout(DemoTest.java:27)
at com.org.rayban.DemoTest.logout(DemoTest.java:27)
at com.org.rayban.DemoTest.logout(DemoTest.java:27)
at com.org.rayban.DemoTest.logout(DemoTest.java:27)
at com.org.rayban.DemoTest.logout(DemoTest.java:27)
at com.org.rayban.DemoTest.logout(DemoTest.java:27)
at com.org.rayban.DemoTest.logout(DemoTest.java:27)
at com.org.rayban.DemoTest.logout(DemoTest.java:27)
at com.org.rayban.DemoTest.logout(DemoTest.java:27)
at com.org.rayban.DemoTest.logout(DemoTest.java:27)
at com.org.rayban.DemoTest.logout(DemoTest.java:27)
at com.org.rayban.DemoTest.logout(DemoTest.java:27)
at com.org.rayban.DemoTest.logout(DemoTest.java:27)
at com.org.rayban.DemoTest.logout(DemoTest.java:27)
at com.org.rayban.DemoTest.logout(DemoTest.java:27)
at com.org.rayban.DemoTest.logout(DemoTest.java:27)
at com.org.rayban.DemoTest.logout(DemoTest.java:27)
at com.org.rayban.DemoTest.logout(DemoTest.java:27)
at com.org.rayban.DemoTest.logout(DemoTest.java:27)
at com.org.rayban.DemoTest.logout(DemoTest.java:27)
at com.org.rayban.DemoTest.logout(DemoTest.java:27)
at com.org.rayban.DemoTest.logout(DemoTest.java:27)
at com.org.rayban.DemoTest.logout(DemoTest.java:27)
at com.org.rayban.DemoTest.logout(DemoTest.java:27)
at com.org.rayban.DemoTest.logout(DemoTest.java:27)
at com.org.rayban.DemoTest.logout(DemoTest.java:27)
at com.org.rayban.DemoTest.logout(DemoTest.java:27)
at com.org.rayban.DemoTest.logout(DemoTest.java:27)
at com.org.rayban.DemoTest.logout(DemoTest.java:27)
at com.org.rayban.DemoTest.logout(DemoTest.java:27)
at com.org.rayban.DemoTest.logout(DemoTest.java:27)
at com.org.rayban.DemoTest.logout(DemoTest.java:27)
at com.org.rayban.DemoTest.logout(DemoTest.java:27)
at com.org.rayban.DemoTest.logout(DemoTest.java:27)
at com.org.rayban.DemoTest.logout(DemoTest.java:27)
at com.org.rayban.DemoTest.logout(DemoTest.java:27)
at com.org.rayban.DemoTest.logout(DemoTest.java:27)
at com.org.rayban.DemoTest.logout(DemoTest.java:27)
at com.org.rayban.DemoTest.logout(DemoTest.java:27)
at com.org.rayban.DemoTest.logout(DemoTest.java:27)
at com.org.rayban.DemoTest.logout(DemoTest.java:27)
at com.org.rayban.DemoTest.logout(DemoTest.java:27)
at com.org.rayban.DemoTest.logout(DemoTest.java:27)
at com.org.rayban.DemoTest.logout(DemoTest.java:27)
at com.org.rayban.DemoTest.logout(DemoTest.java:27)
at com.org.rayban.DemoTest.logout(DemoTest.java:27)
at com.org.rayban.DemoTest.logout(DemoTest.java:27)
at com.org.rayban.DemoTest.logout(DemoTest.java:27)
at com.org.rayban.DemoTest.logout(DemoTest.java:27)
at com.org.rayban.DemoTest.logout(DemoTest.java:27)
at com.org.rayban.DemoTest.logout(DemoTest.java:27)
at com.org.rayban.DemoTest.logout(DemoTest.java:27)
at com.org.rayban.DemoTest.logout(DemoTest.java:27)
at com.org.rayban.DemoTest.logout(DemoTest.java:27)
at com.org.rayban.DemoTest.logout(DemoTest.java:27)
at com.org.rayban.DemoTest.logout(DemoTest.java:27)
at com.org.rayban.DemoTest.logout(DemoTest.java:27)
at com.org.rayban.DemoTest.logout(DemoTest.java:27)
at com.org.rayban.DemoTest.logout(DemoTest.java:27)
at com.org.rayban.DemoTest.logout(DemoTest.java:27)
at com.org.rayban.DemoTest.logout(DemoTest.java:27)
at com.org.rayban.DemoTest.logout(DemoTest.java:27)
at com.org.rayban.DemoTest.logout(DemoTest.java:27)
at com.org.rayban.DemoTest.logout(DemoTest.java:27)
at com.org.rayban.DemoTest.logout(DemoTest.java:27)
at com.org.rayban.DemoTest.logout(DemoTest.java:27)
at com.org.rayban.DemoTest.logout(DemoTest.java:27)
at com.org.rayban.DemoTest.logout(DemoTest.java:27)
at com.org.rayban.DemoTest.logout(DemoTest.java:27)
at com.org.rayban.DemoTest.logout(DemoTest.java:27)
at com.org.rayban.DemoTest.logout(DemoTest.java:27)
at com.org.rayban.DemoTest.logout(DemoTest.java:27)
at com.org.rayban.DemoTest.logout(DemoTest.java:27)
at com.org.rayban.DemoTest.logout(DemoTest.java:27)
at com.org.rayban.DemoTest.logout(DemoTest.java:27)
at com.org.rayban.DemoTest.logout(DemoTest.java:27)
at com.org.rayban.DemoTest.logout(DemoTest.java:27)
at com.org.rayban.DemoTest.logout(DemoTest.java:27)
at com.org.rayban.DemoTest.logout(DemoTest.java:27)
at com.org.rayban.DemoTest.logout(DemoTest.java:27)
at com.org.rayban.DemoTest.logout(DemoTest.java:27)
at com.org.rayban.DemoTest.logout(DemoTest.java:27)
at com.org.rayban.DemoTest.logout(DemoTest.java:27)
at com.org.rayban.DemoTest.logout(DemoTest.java:27)
at com.org.rayban.DemoTest.logout(DemoTest.java:27)
at com.org.rayban.DemoTest.logout(DemoTest.java:27)
at com.org.rayban.DemoTest.logout(DemoTest.java:27)
at com.org.rayban.DemoTest.logout(DemoTest.java:27)
at com.org.rayban.DemoTest.logout(DemoTest.java:27)
at com.org.rayban.DemoTest.logout(DemoTest.java:27)
at com.org.rayban.DemoTest.logout(DemoTest.java:27)
at com.org.rayban.DemoTest.logout(DemoTest.java:27)
at com.org.rayban.DemoTest.logout(DemoTest.java:27)
at com.org.rayban.DemoTest.logout(DemoTest.java:27)
at com.org.rayban.DemoTest.logout(DemoTest.java:27)
at com.org.rayban.DemoTest.logout(DemoTest.java:27)
at com.org.rayban.DemoTest.logout(DemoTest.java:27)
at com.org.rayban.DemoTest.logout(DemoTest.java:27)
at com.org.rayban.DemoTest.logout(DemoTest.java:27)
at com.org.rayban.DemoTest.logout(DemoTest.java:27)
at com.org.rayban.DemoTest.logout(DemoTest.java:27)
at com.org.rayban.DemoTest.logout(DemoTest.java:27)
at com.org.rayban.DemoTest.logout(DemoTest.java:27)
at com.org.rayban.DemoTest.logout(DemoTest.java:27)
at com.org.rayban.DemoTest.logout(DemoTest.java:27)
at com.org.rayban.DemoTest.logout(DemoTest.java:27)
at com.org.rayban.DemoTest.logout(DemoTest.java:27)
at com.org.rayban.DemoTest.logout(DemoTest.java:27)
at com.org.rayban.DemoTest.logout(DemoTest.java:27)
at com.org.rayban.DemoTest.logout(DemoTest.java:27)
at com.org.rayban.DemoTest.logout(DemoTest.java:27)
at com.org.rayban.DemoTest.logout(DemoTest.java:27)
at com.org.rayban.DemoTest.logout(DemoTest.java:27)
at com.org.rayban.DemoTest.logout(DemoTest.java:27)
at com.org.rayban.DemoTest.logout(DemoTest.java:27)
at com.org.rayban.DemoTest.logout(DemoTest.java:27)
at com.org.rayban.DemoTest.logout(DemoTest.java:27)
at com.org.rayban.DemoTest.logout(DemoTest.java:27)
at com.org.rayban.DemoTest.logout(DemoTest.java:27)
at com.org.rayban.DemoTest.logout(DemoTest.java:27)
at com.org.rayban.DemoTest.logout(DemoTest.java:27)
at com.org.rayban.DemoTest.logout(DemoTest.java:27)
at com.org.rayban.DemoTest.logout(DemoTest.java:27)
at com.org.rayban.DemoTest.logout(DemoTest.java:27)
at com.org.rayban.DemoTest.logout(DemoTest.java:27)
at com.org.rayban.DemoTest.logout(DemoTest.java:27)
at com.org.rayban.DemoTest.logout(DemoTest.java:27)
at com.org.rayban.DemoTest.logout(DemoTest.java:27)
at com.org.rayban.DemoTest.logout(DemoTest.java:27)
at com.org.rayban.DemoTest.logout(DemoTest.java:27)
at com.org.rayban.DemoTest.logout(DemoTest.java:27)
at com.org.rayban.DemoTest.logout(DemoTest.java:27)
at com.org.rayban.DemoTest.logout(DemoTest.java:27)
at com.org.rayban.DemoTest.logout(DemoTest.java:27)
at com.org.rayban.DemoTest.logout(DemoTest.java:27)
at com.org.rayban.DemoTest.logout(DemoTest.java:27)
at com.org.rayban.DemoTest.logout(DemoTest.java:27)
at com.org.rayban.DemoTest.logout(DemoTest.java:27)
at com.org.rayban.DemoTest.logout(DemoTest.java:27)
at com.org.rayban.DemoTest.logout(DemoTest.java:27)
at com.org.rayban.DemoTest.logout(DemoTest.java:27)
at com.org.rayban.DemoTest.logout(DemoTest.java:27)
at com.org.rayban.DemoTest.logout(DemoTest.java:27)
at com.org.rayban.DemoTest.logout(DemoTest.java:27)
at com.org.rayban.DemoTest.logout(DemoTest.java:27)
at com.org.rayban.DemoTest.logout(DemoTest.java:27)
at com.org.rayban.DemoTest.logout(DemoTest.java:27)
at com.org.rayban.DemoTest.logout(DemoTest.java:27)
at com.org.rayban.DemoTest.logout(DemoTest.java:27)
at com.org.rayban.DemoTest.logout(DemoTest.java:27)
at com.org.rayban.DemoTest.logout(DemoTest.java:27)
at com.org.rayban.DemoTest.logout(DemoTest.java:27)
at com.org.rayban.DemoTest.logout(DemoTest.java:27)
at com.org.rayban.DemoTest.logout(DemoTest.java:27)
at com.org.rayban.DemoTest.logout(DemoTest.java:27)
at com.org.rayban.DemoTest.logout(DemoTest.java:27)
at com.org.rayban.DemoTest.logout(DemoTest.java:27)
at com.org.rayban.DemoTest.logout(DemoTest.java:27)
at com.org.rayban.DemoTest.logout(DemoTest.java:27)
at com.org.rayban.DemoTest.logout(DemoTest.java:27)
at com.org.rayban.DemoTest.logout(DemoTest.java:27)
at com.org.rayban.DemoTest.logout(DemoTest.java:27)
at com.org.rayban.DemoTest.logout(DemoTest.java:27)
at com.org.rayban.DemoTest.logout(DemoTest.java:27)
at com.org.rayban.DemoTest.logout(DemoTest.java:27)
at com.org.rayban.DemoTest.logout(DemoTest.java:27)
at com.org.rayban.DemoTest.logout(DemoTest.java:27)
at com.org.rayban.DemoTest.logout(DemoTest.java:27)
at com.org.rayban.DemoTest.logout(DemoTest.java:27)
at com.org.rayban.DemoTest.logout(DemoTest.java:27)
at com.org.rayban.DemoTest.logout(DemoTest.java:27)
at com.org.rayban.DemoTest.logout(DemoTest.java:27)
at com.org.rayban.DemoTest.logout(DemoTest.java:27)
at com.org.rayban.DemoTest.logout(DemoTest.java:27)
at com.org.rayban.DemoTest.logout(DemoTest.java:27)
at com.org.rayban.DemoTest.logout(DemoTest.java:27)
at com.org.rayban.DemoTest.logout(DemoTest.java:27)
at com.org.rayban.DemoTest.logout(DemoTest.java:27)
at com.org.rayban.DemoTest.logout(DemoTest.java:27)
at com.org.rayban.DemoTest.logout(DemoTest.java:27)
at com.org.rayban.DemoTest.logout(DemoTest.java:27)
at com.org.rayban.DemoTest.logout(DemoTest.java:27)
at com.org.rayban.DemoTest.logout(DemoTest.java:27)
at com.org.rayban.DemoTest.logout(DemoTest.java:27)
at com.org.rayban.DemoTest.logout(DemoTest.java:27)
at com.org.rayban.DemoTest.logout(DemoTest.java:27)
at com.org.rayban.DemoTest.logout(DemoTest.java:27)
at com.org.rayban.DemoTest.logout(DemoTest.java:27)
at com.org.rayban.DemoTest.logout(DemoTest.java:27)
at com.org.rayban.DemoTest.logout(DemoTest.java:27)
at com.org.rayban.DemoTest.logout(DemoTest.java:27)
at com.org.rayban.DemoTest.logout(DemoTest.java:27)
at com.org.rayban.DemoTest.logout(DemoTest.java:27)
at com.org.rayban.DemoTest.logout(DemoTest.java:27)
at com.org.rayban.DemoTest.logout(DemoTest.java:27)
at com.org.rayban.DemoTest.logout(DemoTest.java:27)
at com.org.rayban.DemoTest.logout(DemoTest.java:27)
at com.org.rayban.DemoTest.logout(DemoTest.java:27)
at com.org.rayban.DemoTest.logout(DemoTest.java:27)
at com.org.rayban.DemoTest.logout(DemoTest.java:27)
at com.org.rayban.DemoTest.logout(DemoTest.java:27)
at com.org.rayban.DemoTest.logout(DemoTest.java:27)
at com.org.rayban.DemoTest.logout(DemoTest.java:27)
at com.org.rayban.DemoTest.logout(DemoTest.java:27)
at com.org.rayban.DemoTest.logout(DemoTest.java:27)
at com.org.rayban.DemoTest.logout(DemoTest.java:27)
at com.org.rayban.DemoTest.logout(DemoTest.java:27)
at com.org.rayban.DemoTest.logout(DemoTest.java:27)
at com.org.rayban.DemoTest.logout(DemoTest.java:27)
at com.org.rayban.DemoTest.logout(DemoTest.java:27)
at com.org.rayban.DemoTest.logout(DemoTest.java:27)
at com.org.rayban.DemoTest.logout(DemoTest.java:27)
at com.org.rayban.DemoTest.logout(DemoTest.java:27)
at com.org.rayban.DemoTest.logout(DemoTest.java:27)
at com.org.rayban.DemoTest.logout(DemoTest.java:27)
at com.org.rayban.DemoTest.logout(DemoTest.java:27)
at com.org.rayban.DemoTest.logout(DemoTest.java:27)
at com.org.rayban.DemoTest.logout(DemoTest.java:27)
at com.org.rayban.DemoTest.logout(DemoTest.java:27)
at com.org.rayban.DemoTest.logout(DemoTest.java:27)
at com.org.rayban.DemoTest.logout(DemoTest.java:27)
at com.org.rayban.DemoTest.logout(DemoTest.java:27)
at com.org.rayban.DemoTest.logout(DemoTest.java:27)
at com.org.rayban.DemoTest.logout(DemoTest.java:27)
at com.org.rayban.DemoTest.logout(DemoTest.java:27)
at com.org.rayban.DemoTest.logout(DemoTest.java:27)
at com.org.rayban.DemoTest.logout(DemoTest.java:27)
at com.org.rayban.DemoTest.logout(DemoTest.java:27)
at com.org.rayban.DemoTest.logout(DemoTest.java:27)
at com.org.rayban.DemoTest.logout(DemoTest.java:27)
at com.org.rayban.DemoTest.logout(DemoTest.java:27)
at com.org.rayban.DemoTest.logout(DemoTest.java:27)
at com.org.rayban.DemoTest.logout(DemoTest.java:27)
at com.org.rayban.DemoTest.logout(DemoTest.java:27)
at com.org.rayban.DemoTest.logout(DemoTest.java:27)
at com.org.rayban.DemoTest.logout(DemoTest.java:27)
at com.org.rayban.DemoTest.logout(DemoTest.java:27)
at com.org.rayban.DemoTest.logout(DemoTest.java:27)
at com.org.rayban.DemoTest.logout(DemoTest.java:27)
at com.org.rayban.DemoTest.logout(DemoTest.java:27)
at com.org.rayban.DemoTest.logout(DemoTest.java:27)
at com.org.rayban.DemoTest.logout(DemoTest.java:27)
at com.org.rayban.DemoTest.logout(DemoTest.java:27)
at com.org.rayban.DemoTest.logout(DemoTest.java:27)
at com.org.rayban.DemoTest.logout(DemoTest.java:27)
at com.org.rayban.DemoTest.logout(DemoTest.java:27)
at com.org.rayban.DemoTest.logout(DemoTest.java:27)
at com.org.rayban.DemoTest.logout(DemoTest.java:27)
at com.org.rayban.DemoTest.logout(DemoTest.java:27)
at com.org.rayban.DemoTest.logout(DemoTest.java:27)
at com.org.rayban.DemoTest.logout(DemoTest.java:27)
at com.org.rayban.DemoTest.logout(DemoTest.java:27)
at com.org.rayban.DemoTest.logout(DemoTest.java:27)
at com.org.rayban.DemoTest.logout(DemoTest.java:27)
at com.org.rayban.DemoTest.logout(DemoTest.java:27)
at com.org.rayban.DemoTest.logout(DemoTest.java:27)
at com.org.rayban.DemoTest.logout(DemoTest.java:27)
at com.org.rayban.DemoTest.logout(DemoTest.java:27)
at com.org.rayban.DemoTest.logout(DemoTest.java:27)
at com.org.rayban.DemoTest.logout(DemoTest.java:27)
at com.org.rayban.DemoTest.logout(DemoTest.java:27)
at com.org.rayban.DemoTest.logout(DemoTest.java:27)
at com.org.rayban.DemoTest.logout(DemoTest.java:27)
at com.org.rayban.DemoTest.logout(DemoTest.java:27)
at com.org.rayban.DemoTest.logout(DemoTest.java:27)
at com.org.rayban.DemoTest.logout(DemoTest.java:27)
at com.org.rayban.DemoTest.logout(DemoTest.java:27)
at com.org.rayban.DemoTest.logout(DemoTest.java:27)
at com.org.rayban.DemoTest.logout(DemoTest.java:27)
at com.org.rayban.DemoTest.logout(DemoTest.java:27)
at com.org.rayban.DemoTest.logout(DemoTest.java:27)
at com.org.rayban.DemoTest.logout(DemoTest.java:27)
at com.org.rayban.DemoTest.logout(DemoTest.java:27)
at com.org.rayban.DemoTest.logout(DemoTest.java:27)
at com.org.rayban.DemoTest.logout(DemoTest.java:27)
at com.org.rayban.DemoTest.logout(DemoTest.java:27)
at com.org.rayban.DemoTest.logout(DemoTest.java:27)
at com.org.rayban.DemoTest.logout(DemoTest.java:27)
at com.org.rayban.DemoTest.logout(DemoTest.java:27)
at com.org.rayban.DemoTest.logout(DemoTest.java:27)
at com.org.rayban.DemoTest.logout(DemoTest.java:27)
at com.org.rayban.DemoTest.logout(DemoTest.java:27)
at com.org.rayban.DemoTest.logout(DemoTest.java:27)
at com.org.rayban.DemoTest.logout(DemoTest.java:27)
at com.org.rayban.DemoTest.logout(DemoTest.java:27)
at com.org.rayban.DemoTest.logout(DemoTest.java:27)
at com.org.rayban.DemoTest.logout(DemoTest.java:27)
at com.org.rayban.DemoTest.logout(DemoTest.java:27)
at com.org.rayban.DemoTest.logout(DemoTest.java:27)
at com.org.rayban.DemoTest.logout(DemoTest.java:27)
at com.org.rayban.DemoTest.logout(DemoTest.java:27)
at com.org.rayban.DemoTest.logout(DemoTest.java:27)
at com.org.rayban.DemoTest.logout(DemoTest.java:27)
at com.org.rayban.DemoTest.logout(DemoTest.java:27)
at com.org.rayban.DemoTest.logout(DemoTest.java:27)
at com.org.rayban.DemoTest.logout(DemoTest.java:27)
at com.org.rayban.DemoTest.logout(DemoTest.java:27)
at com.org.rayban.DemoTest.logout(DemoTest.java:27)
at com.org.rayban.DemoTest.logout(DemoTest.java:27)
at com.org.rayban.DemoTest.logout(DemoTest.java:27)
at com.org.rayban.DemoTest.logout(DemoTest.java:27)
at com.org.rayban.DemoTest.logout(DemoTest.java:27)
at com.org.rayban.DemoTest.logout(DemoTest.java:27)
at com.org.rayban.DemoTest.logout(DemoTest.java:27)
at com.org.rayban.DemoTest.logout(DemoTest.java:27)
at com.org.rayban.DemoTest.logout(DemoTest.java:27)
]]>
    </failure>
  </testcase> <!-- logout -->
  <testcase name="navigateToLoginPagae" time="14.418" classname="com.org.rayban.DemoTest"/>
  <testcase name="successfullLogin" time="2.771" classname="com.org.rayban.DemoTest"/>
</testsuite> <!-- Default test -->
