<?xml version="1.0" encoding="UTF-8"?>
<!-- Generated by org.testng.reporters.JUnitXMLReporter -->
<testsuite hostname="LAPTOP-ENTKVJIU" ignored="0" name="TestSuite" tests="2" failures="1" timestamp="26 Aug 2018 16:31:02 GMT" time="21.858" errors="0">
  <testcase name="successfullLogin" time="0.015" classname="com.org.rayban.DemoTest">
    <failure type="java.lang.NullPointerException">
      <![CDATA[java.lang.NullPointerException
at com.org.rayban.buisnessLib.loginBuissnessScenario.loginToGitApp(loginBuissnessScenario.java:33)
at com.org.rayban.DemoTest.successfullLogin(DemoTest.java:24)
at java.util.concurrent.ThreadPoolExecutor.runWorker(ThreadPoolExecutor.java:1142)
at java.util.concurrent.ThreadPoolExecutor$Worker.run(ThreadPoolExecutor.java:617)
at java.lang.Thread.run(Thread.java:748)
... Removed 10 stack frames]]>
    </failure>
  </testcase> <!-- successfullLogin -->
  <testcase name="navigateToLoginPage" time="21.802" classname="com.org.rayban.DemoTest"/>
</testsuite> <!-- TestSuite -->
