<?xml version="1.0" encoding="UTF-8"?>
<!-- Generated by org.testng.reporters.JUnitXMLReporter -->
<testsuite hostname="LAPTOP-ENTKVJIU" ignored="0" name="Test" tests="2" failures="1" timestamp="01 Jun 2018 17:26:26 GMT" time="60.314" errors="0">
  <testcase name="navigateToLoginPagae" time="56.514" classname="com.org.rayban.DemoTest"/>
  <testcase name="successfullLogin" time="3.251" classname="com.org.rayban.DemoTest">
    <failure type="java.lang.AssertionError" message="validation failed expected [Learn Git and GitHub without any code] but found [Learn Git and GitHub without any code!]">
      <![CDATA[java.lang.AssertionError: validation failed expected [Learn Git and GitHub without any code] but found [Learn Git and GitHub without any code!]
at com.org.rayban.buisnessLib.loginBuissnessScenario.validateLoginSuccessful(loginBuissnessScenario.java:43)
at com.org.rayban.DemoTest.successfullLogin(DemoTest.java:24)
... Removed 30 stack frames]]>
    </failure>
  </testcase> <!-- successfullLogin -->
</testsuite> <!-- Test -->
