<?xml version="1.0" encoding="UTF-8"?>
<testng-results skipped="0" failed="0" ignored="0" total="2" passed="2">
  <reporter-output>
  </reporter-output>
  <suite name="Default suite" duration-ms="23904" started-at="2018-06-27T14:15:46Z" finished-at="2018-06-27T14:16:10Z">
    <groups>
    </groups>
    <test name="Default test" duration-ms="23904" started-at="2018-06-27T14:15:46Z" finished-at="2018-06-27T14:16:10Z">
      <class name="com.org.rayban.DemoTest">
        <test-method status="PASS" signature="navigateToLoginPagae()[pri:0, instance:com.org.rayban.DemoTest@6f1fba17]" name="navigateToLoginPagae" duration-ms="19206" started-at="2018-06-27T14:15:46Z" finished-at="2018-06-27T14:16:05Z">
          <reporter-output>
          </reporter-output>
        </test-method> <!-- navigateToLoginPagae -->
        <test-method status="PASS" signature="successfullLogin()[pri:0, instance:com.org.rayban.DemoTest@6f1fba17]" name="successfullLogin" duration-ms="4651" started-at="2018-06-27T14:16:05Z" finished-at="2018-06-27T14:16:10Z">
          <reporter-output>
          </reporter-output>
        </test-method> <!-- successfullLogin -->
      </class> <!-- com.org.rayban.DemoTest -->
    </test> <!-- Default test -->
  </suite> <!-- Default suite -->
</testng-results>
